<?xml version="1.0" encoding="UTF-8"?>
<!-- Generated by org.testng.reporters.JUnitReportReporter -->
<testsuite skipped="0" hostname="DESKTOP-M1BJJAF" name="com.testframework.AdactintestNG" tests="1" failures="0" timestamp="20 Apr 2021 03:58:50 GMT" time="2.570" errors="0">
  <testcase name="test1" time="2.570" classname="com.testframework.AdactintestNG"/>
</testsuite> <!-- com.testframework.AdactintestNG -->
