<?xml version="1.0" encoding="UTF-8"?>
<!-- Generated by org.testng.reporters.JUnitReportReporter -->
<testsuite skipped="0" hostname="DESKTOP-M1BJJAF" name="com.testframework.AdactindataProvider" tests="10" failures="0" timestamp="21 Apr 2021 12:54:45 GMT" time="82.755" errors="0">
  <testcase name="login" time="5.970" classname="com.testframework.AdactindataProvider"/>
  <testcase name="login" time="9.063" classname="com.testframework.AdactindataProvider"/>
  <testcase name="login" time="7.051" classname="com.testframework.AdactindataProvider"/>
  <testcase name="login" time="7.919" classname="com.testframework.AdactindataProvider"/>
  <testcase name="login" time="9.953" classname="com.testframework.AdactindataProvider"/>
  <testcase name="login" time="6.352" classname="com.testframework.AdactindataProvider"/>
  <testcase name="login" time="9.375" classname="com.testframework.AdactindataProvider"/>
  <testcase name="login" time="9.872" classname="com.testframework.AdactindataProvider"/>
  <testcase name="login" time="6.118" classname="com.testframework.AdactindataProvider"/>
  <testcase name="login" time="11.082" classname="com.testframework.AdactindataProvider"/>
</testsuite> <!-- com.testframework.AdactindataProvider -->
