<?xml version="1.0" encoding="UTF-8"?>
<!-- Generated by org.testng.reporters.JUnitReportReporter -->
<testsuite skipped="0" hostname="DESKTOP-M1BJJAF" name="com.testframework.TestDemo" tests="1" failures="0" timestamp="21 Apr 2021 03:59:49 GMT" time="1.908" errors="0">
  <testcase name="test" time="1.908" classname="com.testframework.TestDemo"/>
</testsuite> <!-- com.testframework.TestDemo -->
